{"change-rate":0.2584269663,"level":"info","market":"KRW-WAVES","msg":"Stopped","price":49280,"time":"2021-05-11 20:41:02"}
{"change-rate":0.167539267,"level":"info","market":"KRW-RFR","msg":"Stopped","price":22.3,"time":"2021-05-11 20:41:07"}
{"change-rate":0.0933333333,"level":"info","market":"KRW-IQ","msg":"Stopped","price":24.6,"time":"2021-05-11 20:41:07"}
{"change-rate":0.4220779221,"level":"info","market":"KRW-EDR","msg":"Stopped","price":87.6,"time":"2021-05-11 20:41:08"}
{"change-rate":0.0581039755,"level":"info","market":"KRW-AERGO","msg":"Stopped","price":346,"time":"2021-05-11 20:41:09"}
{"change-rate":0.0819672131,"level":"info","market":"KRW-TT","msg":"Stopped","price":19.8,"time":"2021-05-11 20:41:10"}
{"change-rate":0.1036036036,"level":"info","market":"KRW-TSHP","msg":"Stopped","price":24.5,"time":"2021-05-11 20:41:10"}
{"change-rate":0.0446428571,"level":"info","market":"KRW-HBAR","msg":"Stopped","price":351,"time":"2021-05-11 20:41:10"}
{"change-rate":0.0367892977,"level":"info","market":"KRW-STPT","msg":"Stopped","price":93,"time":"2021-05-11 20:41:11"}
{"change-rate":0.0884353741,"level":"info","market":"KRW-ORBS","msg":"Stopped","price":160,"time":"2021-05-11 20:41:11"}
{"change-rate":0.0555555556,"level":"info","market":"KRW-PXL","msg":"Stopped","price":114,"time":"2021-05-11 20:41:11"}
{"change-rate":0.1252371917,"level":"info","market":"KRW-STMX","msg":"Stopped","price":59.3,"time":"2021-05-11 20:41:12"}
{"change-rate":0.0886075949,"level":"info","market":"KRW-DKA","msg":"Stopped","price":258,"time":"2021-05-11 20:41:12"}
{"change-rate":0.1235294118,"level":"info","market":"KRW-AHT","msg":"Stopped","price":19.1,"time":"2021-05-11 20:41:12"}
{"change-rate":0.0434782609,"level":"info","market":"KRW-BORA","msg":"Stopped","price":264,"time":"2021-05-11 20:41:13"}
{"change-rate":0.1205412054,"level":"info","market":"KRW-LAMB","msg":"Stopped","price":91.1,"time":"2021-05-11 20:41:13"}
{"change-rate":0.0450704225,"level":"info","market":"KRW-HUNT","msg":"Stopped","price":371,"time":"2021-05-11 20:41:13"}
{"change-rate":0.072,"level":"info","market":"KRW-MVL","msg":"Stopped","price":26.8,"time":"2021-05-11 20:41:14"}
{"change-rate":0.0519125683,"level":"info","market":"KRW-PCI","msg":"Stopped","price":1925,"time":"2021-05-11 20:41:14"}
{"change-rate":0.1069100391,"level":"info","market":"KRW-QTCON","msg":"Stopped","price":84.9,"time":"2021-05-11 20:41:15"}
{"change-rate":0.0706521739,"level":"info","market":"KRW-META","msg":"Stopped","price":197,"time":"2021-05-11 20:41:15"}
{"change-rate":0.072,"level":"info","market":"KRW-OBSR","msg":"Stopped","price":26.8,"time":"2021-05-11 20:41:15"}
{"change-rate":0.063583815,"level":"info","market":"KRW-FCT2","msg":"Stopped","price":184,"time":"2021-05-11 20:41:15"}
{"change-rate":0.0842105263,"level":"info","market":"KRW-LBC","msg":"Stopped","price":206,"time":"2021-05-11 20:41:16"}
{"change-rate":0.1052631579,"level":"info","market":"KRW-HUM","msg":"Stopped","price":168,"time":"2021-05-11 20:41:16"}
{"change-rate":0.0692607004,"level":"info","market":"KRW-STRK","msg":"Stopped","price":68700,"time":"2021-05-11 20:41:16"}
