{"level":"error","msg":"invalid character '\u003c' looking for beginning of value","time":"28 Apr 21 14:54 KST"}
{"level":"error","msg":"invalid character 'T' looking for beginning of value","time":"29 Apr 21 00:31 KST"}
{"level":"error","msg":"invalid character 'T' looking for beginning of value","time":"29 Apr 21 00:31 KST"}
{"level":"error","msg":"invalid character 'T' looking for beginning of value","time":"29 Apr 21 00:31 KST"}
{"level":"error","msg":"invalid character 'T' looking for beginning of value","time":"29 Apr 21 00:31 KST"}
{"level":"error","msg":"invalid character 'T' looking for beginning of value","time":"29 Apr 21 00:31 KST"}
{"level":"error","msg":"invalid character 'T' looking for beginning of value","time":"29 Apr 21 00:31 KST"}
{"level":"error","msg":"invalid character 'T' looking for beginning of value","time":"29 Apr 21 00:31 KST"}
{"level":"error","msg":"invalid character 'T' looking for beginning of value","time":"29 Apr 21 00:31 KST"}
{"level":"error","msg":"invalid character 'T' looking for beginning of value","time":"29 Apr 21 00:31 KST"}
{"level":"error","msg":"invalid character 'T' looking for beginning of value","time":"29 Apr 21 00:31 KST"}
{"level":"error","msg":"invalid character 'T' looking for beginning of value","time":"29 Apr 21 00:31 KST"}
{"level":"error","msg":"invalid character 'T' looking for beginning of value","time":"29 Apr 21 00:31 KST"}
{"level":"error","msg":"invalid character 'T' looking for beginning of value","time":"29 Apr 21 00:31 KST"}
{"level":"error","msg":"invalid character 'T' looking for beginning of value","time":"29 Apr 21 00:31 KST"}
{"level":"error","msg":"invalid character 'T' looking for beginning of value","time":"29 Apr 21 00:31 KST"}
{"level":"error","msg":"invalid character 'T' looking for beginning of value","time":"29 Apr 21 00:31 KST"}
{"level":"error","msg":"invalid character 'T' looking for beginning of value","time":"29 Apr 21 00:31 KST"}
{"level":"error","msg":"invalid character 'T' looking for beginning of value","time":"29 Apr 21 00:31 KST"}
{"level":"error","msg":"invalid character 'T' looking for beginning of value","time":"29 Apr 21 00:31 KST"}
{"level":"error","msg":"invalid character 'T' looking for beginning of value","time":"29 Apr 21 00:31 KST"}
{"level":"error","msg":"invalid character 'T' looking for beginning of value","time":"29 Apr 21 00:31 KST"}
{"level":"error","msg":"invalid character 'T' looking for beginning of value","time":"29 Apr 21 00:31 KST"}
{"level":"error","msg":"invalid character 'T' looking for beginning of value","time":"29 Apr 21 00:31 KST"}
{"level":"error","msg":"invalid character 'T' looking for beginning of value","time":"29 Apr 21 00:31 KST"}
{"level":"error","msg":"invalid character 'T' looking for beginning of value","time":"29 Apr 21 00:32 KST"}
{"level":"error","msg":"invalid character 'T' looking for beginning of value","time":"29 Apr 21 00:32 KST"}
{"level":"error","msg":"invalid character 'T' looking for beginning of value","time":"29 Apr 21 00:32 KST"}
{"level":"error","msg":"invalid character 'T' looking for beginning of value","time":"29 Apr 21 00:32 KST"}
{"level":"error","msg":"invalid character 'T' looking for beginning of value","time":"29 Apr 21 00:32 KST"}
{"level":"error","msg":"invalid character 'T' looking for beginning of value","time":"29 Apr 21 00:32 KST"}
{"level":"error","msg":"invalid character 'T' looking for beginning of value","time":"29 Apr 21 00:32 KST"}
{"level":"error","msg":"invalid character 'T' looking for beginning of value","time":"29 Apr 21 00:32 KST"}
{"level":"error","msg":"invalid character 'T' looking for beginning of value","time":"29 Apr 21 00:32 KST"}
{"level":"error","msg":"invalid character 'T' looking for beginning of value","time":"29 Apr 21 00:32 KST"}
{"level":"error","msg":"invalid character 'T' looking for beginning of value","time":"29 Apr 21 00:32 KST"}
{"level":"error","msg":"invalid character 'T' looking for beginning of value","time":"29 Apr 21 00:32 KST"}
{"level":"error","msg":"invalid character 'T' looking for beginning of value","time":"29 Apr 21 00:32 KST"}
{"level":"error","msg":"invalid character 'T' looking for beginning of value","time":"29 Apr 21 00:32 KST"}
{"level":"error","msg":"invalid character 'T' looking for beginning of value","time":"29 Apr 21 00:32 KST"}
{"level":"error","msg":"invalid character 'T' looking for beginning of value","time":"29 Apr 21 00:32 KST"}
{"level":"error","msg":"invalid character 'T' looking for beginning of value","time":"29 Apr 21 00:32 KST"}
{"level":"error","msg":"invalid character 'T' looking for beginning of value","time":"29 Apr 21 00:32 KST"}
{"level":"error","msg":"invalid character 'T' looking for beginning of value","time":"29 Apr 21 00:32 KST"}
{"level":"error","msg":"invalid character 'T' looking for beginning of value","time":"29 Apr 21 00:32 KST"}
{"level":"error","msg":"invalid character 'T' looking for beginning of value","time":"29 Apr 21 00:32 KST"}
{"level":"error","msg":"invalid character 'T' looking for beginning of value","time":"29 Apr 21 00:32 KST"}
{"level":"error","msg":"invalid character 'T' looking for beginning of value","time":"29 Apr 21 00:32 KST"}
{"level":"error","msg":"invalid character 'T' looking for beginning of value","time":"29 Apr 21 00:32 KST"}
{"level":"error","msg":"invalid character 'T' looking for beginning of value","time":"29 Apr 21 00:32 KST"}
{"level":"error","msg":"invalid character 'T' looking for beginning of value","time":"29 Apr 21 00:32 KST"}
{"level":"error","msg":"invalid character 'T' looking for beginning of value","time":"29 Apr 21 00:32 KST"}
{"level":"error","msg":"invalid character 'T' looking for beginning of value","time":"29 Apr 21 00:32 KST"}
{"level":"error","msg":"invalid character 'T' looking for beginning of value","time":"29 Apr 21 00:43 KST"}
{"level":"error","msg":"invalid character 'T' looking for beginning of value","time":"29 Apr 21 00:43 KST"}
{"level":"error","msg":"invalid character 'T' looking for beginning of value","time":"29 Apr 21 00:43 KST"}
{"level":"error","msg":"invalid character 'T' looking for beginning of value","time":"29 Apr 21 00:43 KST"}
{"level":"error","msg":"invalid character 'T' looking for beginning of value","time":"29 Apr 21 00:43 KST"}
{"level":"error","msg":"invalid character 'T' looking for beginning of value","time":"29 Apr 21 00:43 KST"}
{"level":"error","msg":"invalid character 'T' looking for beginning of value","time":"29 Apr 21 00:43 KST"}
{"level":"error","msg":"invalid character 'T' looking for beginning of value","time":"29 Apr 21 00:43 KST"}
{"level":"error","msg":"invalid character 'T' looking for beginning of value","time":"29 Apr 21 00:43 KST"}
{"level":"error","msg":"invalid character 'T' looking for beginning of value","time":"29 Apr 21 00:45 KST"}
{"level":"error","msg":"invalid character 'T' looking for beginning of value","time":"29 Apr 21 00:45 KST"}
{"level":"error","msg":"invalid character 'T' looking for beginning of value","time":"29 Apr 21 00:45 KST"}
{"level":"error","msg":"invalid character 'T' looking for beginning of value","time":"29 Apr 21 00:45 KST"}
{"level":"error","msg":"invalid character 'T' looking for beginning of value","time":"29 Apr 21 00:45 KST"}
{"level":"error","msg":"invalid character 'T' looking for beginning of value","time":"29 Apr 21 00:45 KST"}
{"level":"error","msg":"invalid character 'T' looking for beginning of value","time":"29 Apr 21 00:45 KST"}
{"level":"error","msg":"invalid character 'T' looking for beginning of value","time":"29 Apr 21 00:45 KST"}
{"level":"error","msg":"invalid character 'T' looking for beginning of value","time":"29 Apr 21 00:45 KST"}
{"level":"error","msg":"invalid character 'T' looking for beginning of value","time":"29 Apr 21 00:45 KST"}
{"level":"error","msg":"invalid character 'T' looking for beginning of value","time":"29 Apr 21 00:45 KST"}
{"level":"error","msg":"invalid character 'T' looking for beginning of value","time":"29 Apr 21 00:45 KST"}
{"level":"error","msg":"invalid character 'T' looking for beginning of value","time":"29 Apr 21 00:45 KST"}
{"level":"error","msg":"invalid character 'T' looking for beginning of value","time":"29 Apr 21 00:45 KST"}
{"level":"error","msg":"invalid character 'T' looking for beginning of value","time":"29 Apr 21 00:45 KST"}
{"level":"error","msg":"invalid character 'T' looking for beginning of value","time":"29 Apr 21 00:45 KST"}
{"level":"error","msg":"invalid character 'T' looking for beginning of value","time":"29 Apr 21 00:45 KST"}
{"level":"error","msg":"invalid character 'T' looking for beginning of value","time":"29 Apr 21 00:45 KST"}
{"level":"error","msg":"invalid character 'T' looking for beginning of value","time":"29 Apr 21 00:45 KST"}
{"level":"error","msg":"invalid character 'T' looking for beginning of value","time":"29 Apr 21 00:46 KST"}
{"level":"error","msg":"invalid character 'T' looking for beginning of value","time":"29 Apr 21 00:46 KST"}
{"level":"error","msg":"invalid character 'T' looking for beginning of value","time":"29 Apr 21 00:46 KST"}
{"level":"error","msg":"invalid character 'T' looking for beginning of value","time":"29 Apr 21 00:46 KST"}
{"level":"error","msg":"invalid character 'T' looking for beginning of value","time":"29 Apr 21 00:46 KST"}
{"level":"error","msg":"invalid character 'T' looking for beginning of value","time":"29 Apr 21 00:47 KST"}
{"level":"error","msg":"invalid character 'T' looking for beginning of value","time":"29 Apr 21 00:47 KST"}
{"level":"error","msg":"invalid character 'T' looking for beginning of value","time":"29 Apr 21 00:47 KST"}
{"level":"error","msg":"invalid character 'T' looking for beginning of value","time":"29 Apr 21 00:48 KST"}
{"level":"error","msg":"invalid character 'T' looking for beginning of value","time":"29 Apr 21 00:48 KST"}
{"level":"error","msg":"invalid character 'T' looking for beginning of value","time":"29 Apr 21 09:27 KST"}
{"level":"error","msg":"invalid character 'T' looking for beginning of value","time":"29 Apr 21 09:27 KST"}
{"level":"error","msg":"invalid character 'T' looking for beginning of value","time":"29 Apr 21 09:27 KST"}
{"level":"error","msg":"invalid character 'T' looking for beginning of value","time":"29 Apr 21 09:27 KST"}
{"level":"error","msg":"invalid character 'T' looking for beginning of value","time":"29 Apr 21 09:27 KST"}
{"level":"error","msg":"invalid character 'T' looking for beginning of value","time":"29 Apr 21 09:27 KST"}
{"level":"error","msg":"invalid character 'T' looking for beginning of value","time":"29 Apr 21 09:27 KST"}
{"level":"error","msg":"invalid character 'T' looking for beginning of value","time":"29 Apr 21 09:27 KST"}
{"level":"error","msg":"invalid character 'T' looking for beginning of value","time":"29 Apr 21 09:27 KST"}
{"level":"error","msg":"invalid character 'T' looking for beginning of value","time":"29 Apr 21 09:27 KST"}
{"level":"error","msg":"invalid character 'T' looking for beginning of value","time":"29 Apr 21 09:27 KST"}
{"level":"error","msg":"invalid character 'T' looking for beginning of value","time":"29 Apr 21 09:27 KST"}
{"level":"error","msg":"invalid character 'T' looking for beginning of value","time":"29 Apr 21 09:27 KST"}
{"level":"error","msg":"invalid character 'T' looking for beginning of value","time":"29 Apr 21 09:27 KST"}
{"level":"error","msg":"invalid character 'T' looking for beginning of value","time":"29 Apr 21 09:27 KST"}
{"level":"error","msg":"invalid character 'T' looking for beginning of value","time":"29 Apr 21 09:27 KST"}
{"level":"error","msg":"invalid character 'T' looking for beginning of value","time":"29 Apr 21 09:27 KST"}
{"level":"error","msg":"invalid character 'T' looking for beginning of value","time":"29 Apr 21 09:27 KST"}
{"level":"error","msg":"invalid character 'T' looking for beginning of value","time":"29 Apr 21 09:27 KST"}
{"level":"error","msg":"invalid character 'T' looking for beginning of value","time":"29 Apr 21 09:27 KST"}
{"level":"error","msg":"invalid character 'T' looking for beginning of value","time":"29 Apr 21 09:27 KST"}
{"level":"error","msg":"invalid character 'T' looking for beginning of value","time":"29 Apr 21 09:27 KST"}
{"level":"error","msg":"invalid character 'T' looking for beginning of value","time":"29 Apr 21 09:27 KST"}
{"level":"error","msg":"invalid character 'T' looking for beginning of value","time":"29 Apr 21 09:27 KST"}
{"level":"error","msg":"invalid character 'T' looking for beginning of value","time":"29 Apr 21 09:27 KST"}
{"level":"error","msg":"invalid character 'T' looking for beginning of value","time":"29 Apr 21 09:27 KST"}
{"level":"error","msg":"invalid character 'T' looking for beginning of value","time":"29 Apr 21 09:27 KST"}
{"level":"error","msg":"invalid character 'T' looking for beginning of value","time":"29 Apr 21 09:27 KST"}
{"level":"error","msg":"invalid character 'T' looking for beginning of value","time":"29 Apr 21 09:27 KST"}
{"level":"error","msg":"invalid character 'T' looking for beginning of value","time":"29 Apr 21 09:27 KST"}
{"level":"error","msg":"invalid character 'T' looking for beginning of value","time":"29 Apr 21 09:27 KST"}
{"level":"error","msg":"invalid character 'T' looking for beginning of value","time":"29 Apr 21 09:27 KST"}
{"level":"error","msg":"invalid character 'T' looking for beginning of value","time":"29 Apr 21 09:27 KST"}
{"level":"error","msg":"invalid character 'T' looking for beginning of value","time":"29 Apr 21 09:27 KST"}
{"level":"error","msg":"invalid character 'T' looking for beginning of value","time":"29 Apr 21 09:27 KST"}
{"level":"error","msg":"invalid character 'T' looking for beginning of value","time":"29 Apr 21 09:27 KST"}
{"level":"error","msg":"invalid character 'T' looking for beginning of value","time":"29 Apr 21 09:27 KST"}
{"level":"error","msg":"invalid character 'T' looking for beginning of value","time":"29 Apr 21 09:27 KST"}
{"level":"error","msg":"invalid character 'T' looking for beginning of value","time":"29 Apr 21 09:27 KST"}
{"level":"error","msg":"invalid character 'T' looking for beginning of value","time":"29 Apr 21 09:27 KST"}
{"level":"error","msg":"invalid character 'T' looking for beginning of value","time":"29 Apr 21 09:27 KST"}
{"level":"error","msg":"invalid character 'T' looking for beginning of value","time":"29 Apr 21 09:27 KST"}
{"level":"error","msg":"invalid character 'T' looking for beginning of value","time":"29 Apr 21 09:27 KST"}
{"level":"error","msg":"invalid character 'T' looking for beginning of value","time":"29 Apr 21 09:27 KST"}
{"level":"error","msg":"invalid character 'T' looking for beginning of value","time":"29 Apr 21 09:27 KST"}
{"level":"error","msg":"invalid character 'T' looking for beginning of value","time":"29 Apr 21 09:27 KST"}
{"level":"error","msg":"invalid character 'T' looking for beginning of value","time":"29 Apr 21 09:27 KST"}
{"level":"error","msg":"invalid character 'T' looking for beginning of value","time":"29 Apr 21 09:27 KST"}
{"level":"error","msg":"invalid character 'T' looking for beginning of value","time":"29 Apr 21 09:27 KST"}
{"level":"error","msg":"invalid character 'T' looking for beginning of value","time":"29 Apr 21 09:27 KST"}
{"level":"error","msg":"invalid character 'T' looking for beginning of value","time":"29 Apr 21 09:27 KST"}
{"level":"error","msg":"invalid character 'T' looking for beginning of value","time":"29 Apr 21 09:27 KST"}
{"level":"error","msg":"invalid character 'T' looking for beginning of value","time":"29 Apr 21 09:27 KST"}
{"level":"error","msg":"invalid character 'T' looking for beginning of value","time":"29 Apr 21 09:27 KST"}
{"level":"error","msg":"invalid character 'T' looking for beginning of value","time":"29 Apr 21 09:27 KST"}
{"level":"error","msg":"invalid character 'T' looking for beginning of value","time":"29 Apr 21 09:27 KST"}
{"level":"error","msg":"invalid character 'T' looking for beginning of value","time":"29 Apr 21 09:27 KST"}
{"level":"error","msg":"invalid character 'T' looking for beginning of value","time":"29 Apr 21 09:27 KST"}
{"level":"error","msg":"invalid character 'T' looking for beginning of value","time":"29 Apr 21 09:27 KST"}
{"file":"C:/Users/user/Desktop/upbit/bot.go:54","func":"github.com/pronist/upbit.(*Bot).Logging","level":"error","msg":"invalid character 'T' looking for beginning of value","time":"29 Apr 21 09:34 KST"}
{"file":"C:/Users/user/Desktop/upbit/bot.go:54","func":"github.com/pronist/upbit.(*Bot).Logging","level":"error","msg":"invalid character 'T' looking for beginning of value","time":"29 Apr 21 09:34 KST"}
{"file":"C:/Users/user/Desktop/upbit/bot.go:54","func":"github.com/pronist/upbit.(*Bot).Logging","level":"error","msg":"invalid character 'T' looking for beginning of value","time":"29 Apr 21 09:34 KST"}
{"file":"C:/Users/user/Desktop/upbit/bot.go:54","func":"github.com/pronist/upbit.(*Bot).Logging","level":"error","msg":"invalid character 'T' looking for beginning of value","time":"29 Apr 21 09:34 KST"}
{"file":"C:/Users/user/Desktop/upbit/bot.go:54","func":"github.com/pronist/upbit.(*Bot).Logging","level":"error","msg":"invalid character 'T' looking for beginning of value","time":"29 Apr 21 09:34 KST"}
{"file":"C:/Users/user/Desktop/upbit/bot.go:54","func":"github.com/pronist/upbit.(*Bot).Logging","level":"error","msg":"invalid character 'T' looking for beginning of value","time":"29 Apr 21 09:34 KST"}
{"file":"C:/Users/user/Desktop/upbit/bot.go:54","func":"github.com/pronist/upbit.(*Bot).Logging","level":"error","msg":"invalid character 'T' looking for beginning of value","time":"29 Apr 21 09:34 KST"}
{"file":"C:/Users/user/Desktop/upbit/bot.go:54","func":"github.com/pronist/upbit.(*Bot).Logging","level":"error","msg":"invalid character 'T' looking for beginning of value","time":"29 Apr 21 09:34 KST"}
{"file":"C:/Users/user/Desktop/upbit/bot.go:54","func":"github.com/pronist/upbit.(*Bot).Logging","level":"error","msg":"invalid character 'T' looking for beginning of value","time":"29 Apr 21 09:34 KST"}
{"file":"C:/Users/user/Desktop/upbit/bot.go:54","func":"github.com/pronist/upbit.(*Bot).Logging","level":"error","msg":"invalid character 'T' looking for beginning of value","time":"29 Apr 21 09:34 KST"}
{"file":"C:/Users/user/Desktop/upbit/bot.go:54","func":"github.com/pronist/upbit.(*Bot).Logging","level":"error","msg":"invalid character 'T' looking for beginning of value","time":"29 Apr 21 09:34 KST"}
{"file":"C:/Users/user/Desktop/upbit/bot.go:54","func":"github.com/pronist/upbit.(*Bot).Logging","level":"error","msg":"invalid character 'T' looking for beginning of value","time":"29 Apr 21 09:34 KST"}
{"file":"C:/Users/user/Desktop/upbit/bot.go:54","func":"github.com/pronist/upbit.(*Bot).Logging","level":"error","msg":"invalid character 'T' looking for beginning of value","time":"29 Apr 21 09:34 KST"}
{"file":"C:/Users/user/Desktop/upbit/bot.go:54","func":"github.com/pronist/upbit.(*Bot).Logging","level":"error","msg":"invalid character 'T' looking for beginning of value","time":"29 Apr 21 09:34 KST"}
{"file":"C:/Users/user/Desktop/upbit/bot.go:54","func":"github.com/pronist/upbit.(*Bot).Logging","level":"error","msg":"invalid character 'T' looking for beginning of value","time":"29 Apr 21 09:34 KST"}
{"file":"C:/Users/user/Desktop/upbit/bot.go:54","func":"github.com/pronist/upbit.(*Bot).Logging","level":"error","msg":"invalid character 'T' looking for beginning of value","time":"29 Apr 21 09:34 KST"}
{"file":"C:/Users/user/Desktop/upbit/bot.go:54","func":"github.com/pronist/upbit.(*Bot).Logging","level":"error","msg":"invalid character 'T' looking for beginning of value","time":"29 Apr 21 09:34 KST"}
{"file":"C:/Users/user/Desktop/upbit/bot.go:54","func":"github.com/pronist/upbit.(*Bot).Logging","level":"error","msg":"invalid character 'T' looking for beginning of value","time":"29 Apr 21 09:34 KST"}
{"file":"C:/Users/user/Desktop/upbit/bot.go:54","func":"github.com/pronist/upbit.(*Bot).Logging","level":"error","msg":"invalid character 'T' looking for beginning of value","time":"29 Apr 21 09:34 KST"}
{"file":"C:/Users/user/Desktop/upbit/bot.go:54","func":"github.com/pronist/upbit.(*Bot).Logging","level":"error","msg":"invalid character 'T' looking for beginning of value","time":"29 Apr 21 09:34 KST"}
{"file":"C:/Users/user/Desktop/upbit/bot.go:54","func":"github.com/pronist/upbit.(*Bot).Logging","level":"error","msg":"invalid character 'T' looking for beginning of value","time":"29 Apr 21 09:34 KST"}
{"file":"C:/Users/user/Desktop/upbit/bot.go:54","func":"github.com/pronist/upbit.(*Bot).Logging","level":"error","msg":"invalid character 'T' looking for beginning of value","time":"29 Apr 21 09:34 KST"}
{"file":"C:/Users/user/Desktop/upbit/bot.go:54","func":"github.com/pronist/upbit.(*Bot).Logging","level":"error","msg":"invalid character 'T' looking for beginning of value","time":"29 Apr 21 09:34 KST"}
{"file":"C:/Users/user/Desktop/upbit/bot.go:54","func":"github.com/pronist/upbit.(*Bot).Logging","level":"error","msg":"invalid character 'T' looking for beginning of value","time":"29 Apr 21 09:34 KST"}
{"file":"C:/Users/user/Desktop/upbit/bot.go:54","func":"github.com/pronist/upbit.(*Bot).Logging","level":"error","msg":"invalid character 'T' looking for beginning of value","time":"29 Apr 21 09:34 KST"}
{"file":"C:/Users/user/Desktop/upbit/bot.go:54","func":"github.com/pronist/upbit.(*Bot).Logging","level":"error","msg":"invalid character 'T' looking for beginning of value","time":"29 Apr 21 09:34 KST"}
{"file":"C:/Users/user/Desktop/upbit/bot.go:54","func":"github.com/pronist/upbit.(*Bot).Logging","level":"error","msg":"invalid character 'T' looking for beginning of value","time":"29 Apr 21 09:34 KST"}
{"file":"C:/Users/user/Desktop/upbit/bot.go:54","func":"github.com/pronist/upbit.(*Bot).Logging","level":"error","msg":"invalid character 'T' looking for beginning of value","time":"29 Apr 21 09:34 KST"}
{"file":"C:/Users/user/Desktop/upbit/bot.go:54","func":"github.com/pronist/upbit.(*Bot).Logging","level":"error","msg":"invalid character 'T' looking for beginning of value","time":"29 Apr 21 09:34 KST"}
{"file":"C:/Users/user/Desktop/upbit/bot.go:54","func":"github.com/pronist/upbit.(*Bot).Logging","level":"error","msg":"invalid character 'T' looking for beginning of value","time":"29 Apr 21 09:34 KST"}
{"file":"C:/Users/user/Desktop/upbit/bot.go:54","func":"github.com/pronist/upbit.(*Bot).Logging","level":"error","msg":"invalid character 'T' looking for beginning of value","time":"29 Apr 21 09:34 KST"}
{"file":"C:/Users/user/Desktop/upbit/bot.go:54","func":"github.com/pronist/upbit.(*Bot).Logging","level":"error","msg":"invalid character 'T' looking for beginning of value","time":"29 Apr 21 09:34 KST"}
{"file":"C:/Users/user/Desktop/upbit/bot.go:54","func":"github.com/pronist/upbit.(*Bot).Logging","level":"error","msg":"invalid character 'T' looking for beginning of value","time":"29 Apr 21 09:34 KST"}
{"file":"C:/Users/user/Desktop/upbit/bot.go:54","func":"github.com/pronist/upbit.(*Bot).Logging","level":"error","msg":"invalid character 'T' looking for beginning of value","time":"29 Apr 21 09:34 KST"}
{"file":"C:/Users/user/Desktop/upbit/bot.go:54","func":"github.com/pronist/upbit.(*Bot).Logging","level":"error","msg":"invalid character 'T' looking for beginning of value","time":"29 Apr 21 09:34 KST"}
{"file":"C:/Users/user/Desktop/upbit/bot.go:54","func":"github.com/pronist/upbit.(*Bot).Logging","level":"error","msg":"invalid character 'T' looking for beginning of value","time":"29 Apr 21 09:34 KST"}
{"level":"error","msg":"invalid character 'T' looking for beginning of value","time":"29 Apr 21 10:36 KST"}
{"level":"error","msg":"invalid character 'T' looking for beginning of value","time":"29 Apr 21 10:36 KST"}
{"level":"error","msg":"invalid character 'T' looking for beginning of value","time":"29 Apr 21 10:36 KST"}
{"level":"error","msg":"invalid character 'T' looking for beginning of value","time":"29 Apr 21 10:36 KST"}
{"level":"error","msg":"invalid character 'T' looking for beginning of value","time":"29 Apr 21 10:36 KST"}
{"level":"error","msg":"invalid character 'T' looking for beginning of value","time":"29 Apr 21 10:36 KST"}
{"level":"error","msg":"invalid character 'T' looking for beginning of value","time":"29 Apr 21 10:36 KST"}
{"level":"error","msg":"invalid character 'T' looking for beginning of value","time":"29 Apr 21 10:36 KST"}
{"level":"error","msg":"invalid character 'T' looking for beginning of value","time":"29 Apr 21 10:36 KST"}
{"level":"error","msg":"invalid character 'T' looking for beginning of value","time":"29 Apr 21 10:36 KST"}
{"level":"error","msg":"invalid character 'T' looking for beginning of value","time":"29 Apr 21 10:36 KST"}
{"level":"error","msg":"invalid character 'T' looking for beginning of value","time":"29 Apr 21 10:36 KST"}
{"level":"error","msg":"invalid character 'T' looking for beginning of value","time":"29 Apr 21 10:36 KST"}
{"level":"error","msg":"invalid character 'T' looking for beginning of value","time":"29 Apr 21 10:36 KST"}
{"level":"error","msg":"invalid character 'T' looking for beginning of value","time":"29 Apr 21 10:36 KST"}
{"level":"error","msg":"invalid character 'T' looking for beginning of value","time":"29 Apr 21 10:36 KST"}
{"level":"error","msg":"invalid character 'T' looking for beginning of value","time":"29 Apr 21 10:36 KST"}
{"level":"error","msg":"invalid character 'T' looking for beginning of value","time":"29 Apr 21 10:36 KST"}
{"level":"error","msg":"invalid character 'T' looking for beginning of value","time":"29 Apr 21 10:36 KST"}
{"level":"error","msg":"invalid character 'T' looking for beginning of value","time":"29 Apr 21 10:36 KST"}
{"level":"error","msg":"invalid character 'T' looking for beginning of value","time":"29 Apr 21 10:36 KST"}
{"level":"error","msg":"invalid character 'T' looking for beginning of value","time":"29 Apr 21 10:36 KST"}
{"level":"error","msg":"invalid character 'T' looking for beginning of value","time":"29 Apr 21 10:36 KST"}
{"level":"error","msg":"invalid character 'T' looking for beginning of value","time":"29 Apr 21 10:36 KST"}
{"level":"error","msg":"invalid character 'T' looking for beginning of value","time":"29 Apr 21 10:36 KST"}
{"level":"error","msg":"invalid character 'T' looking for beginning of value","time":"29 Apr 21 10:36 KST"}
{"level":"error","msg":"invalid character 'T' looking for beginning of value","time":"29 Apr 21 10:36 KST"}
{"level":"error","msg":"invalid character 'T' looking for beginning of value","time":"29 Apr 21 10:36 KST"}
{"level":"error","msg":"invalid character 'T' looking for beginning of value","time":"29 Apr 21 10:36 KST"}
{"level":"error","msg":"invalid character 'T' looking for beginning of value","time":"29 Apr 21 10:36 KST"}
{"level":"error","msg":"invalid character 'T' looking for beginning of value","time":"29 Apr 21 10:36 KST"}
{"level":"error","msg":"invalid character 'T' looking for beginning of value","time":"29 Apr 21 10:36 KST"}
{"level":"error","msg":"invalid character 'T' looking for beginning of value","time":"29 Apr 21 10:36 KST"}
{"level":"error","msg":"invalid character 'T' looking for beginning of value","time":"29 Apr 21 10:36 KST"}
{"level":"error","msg":"invalid character 'T' looking for beginning of value","time":"29 Apr 21 10:36 KST"}
{"level":"error","msg":"invalid character 'T' looking for beginning of value","time":"29 Apr 21 10:36 KST"}
{"level":"error","msg":"invalid character 'T' looking for beginning of value","time":"29 Apr 21 10:36 KST"}
{"level":"error","msg":"invalid character 'T' looking for beginning of value","time":"29 Apr 21 10:36 KST"}
{"level":"error","msg":"invalid character 'T' looking for beginning of value","time":"29 Apr 21 10:36 KST"}
{"level":"error","msg":"invalid character 'T' looking for beginning of value","time":"29 Apr 21 10:36 KST"}
{"level":"error","msg":"invalid character 'T' looking for beginning of value","time":"29 Apr 21 10:36 KST"}
{"level":"error","msg":"invalid character 'T' looking for beginning of value","time":"29 Apr 21 10:36 KST"}
{"level":"error","msg":"invalid character 'T' looking for beginning of value","time":"29 Apr 21 10:36 KST"}
{"level":"error","msg":"invalid character 'T' looking for beginning of value","time":"29 Apr 21 10:36 KST"}
{"level":"error","msg":"invalid character 'T' looking for beginning of value","time":"29 Apr 21 10:36 KST"}
{"level":"error","msg":"invalid character 'T' looking for beginning of value","time":"29 Apr 21 10:36 KST"}
{"level":"error","msg":"invalid character 'T' looking for beginning of value","time":"29 Apr 21 10:36 KST"}
{"level":"error","msg":"invalid character 'T' looking for beginning of value","time":"29 Apr 21 10:36 KST"}
{"level":"error","msg":"invalid character 'T' looking for beginning of value","time":"29 Apr 21 10:36 KST"}
{"level":"error","msg":"invalid character 'T' looking for beginning of value","time":"29 Apr 21 10:36 KST"}
{"level":"error","msg":"invalid character 'T' looking for beginning of value","time":"29 Apr 21 10:36 KST"}
{"level":"error","msg":"invalid character 'T' looking for beginning of value","time":"29 Apr 21 10:36 KST"}
{"level":"error","msg":"invalid character 'T' looking for beginning of value","time":"29 Apr 21 10:36 KST"}
{"level":"error","msg":"invalid character 'T' looking for beginning of value","time":"29 Apr 21 10:36 KST"}
{"level":"error","msg":"invalid character 'T' looking for beginning of value","time":"29 Apr 21 10:36 KST"}
{"level":"error","msg":"invalid character 'T' looking for beginning of value","time":"29 Apr 21 10:36 KST"}
{"level":"error","msg":"invalid character 'T' looking for beginning of value","time":"29 Apr 21 10:36 KST"}
{"level":"error","msg":"invalid character 'T' looking for beginning of value","time":"29 Apr 21 10:36 KST"}
{"level":"error","msg":"invalid character 'T' looking for beginning of value","time":"29 Apr 21 10:36 KST"}
{"level":"error","msg":"invalid character 'T' looking for beginning of value","time":"29 Apr 21 10:36 KST"}
{"level":"error","msg":"invalid character 'T' looking for beginning of value","time":"29 Apr 21 10:36 KST"}
{"level":"error","msg":"invalid character 'T' looking for beginning of value","time":"29 Apr 21 10:36 KST"}
{"level":"error","msg":"invalid character 'T' looking for beginning of value","time":"29 Apr 21 10:36 KST"}
{"level":"error","msg":"invalid character 'T' looking for beginning of value","time":"29 Apr 21 10:36 KST"}
{"level":"error","msg":"invalid character 'T' looking for beginning of value","time":"29 Apr 21 10:36 KST"}
{"level":"error","msg":"invalid character 'T' looking for beginning of value","time":"29 Apr 21 10:36 KST"}
{"level":"error","msg":"invalid character 'T' looking for beginning of value","time":"29 Apr 21 10:36 KST"}
{"level":"error","msg":"invalid character 'T' looking for beginning of value","time":"29 Apr 21 10:36 KST"}
{"level":"error","msg":"invalid character 'T' looking for beginning of value","time":"29 Apr 21 10:36 KST"}
{"level":"error","msg":"invalid character 'T' looking for beginning of value","time":"29 Apr 21 10:36 KST"}
{"level":"error","msg":"invalid character 'T' looking for beginning of value","time":"29 Apr 21 10:36 KST"}
{"level":"error","msg":"invalid character 'T' looking for beginning of value","time":"29 Apr 21 10:36 KST"}
{"level":"error","msg":"invalid character 'T' looking for beginning of value","time":"29 Apr 21 10:36 KST"}
{"level":"error","msg":"invalid character 'T' looking for beginning of value","time":"29 Apr 21 10:36 KST"}
{"level":"error","msg":"invalid character 'T' looking for beginning of value","time":"29 Apr 21 10:36 KST"}
{"level":"error","msg":"invalid character 'T' looking for beginning of value","time":"29 Apr 21 10:36 KST"}
{"level":"error","msg":"invalid character 'T' looking for beginning of value","time":"29 Apr 21 10:36 KST"}
{"level":"error","msg":"invalid character 'T' looking for beginning of value","time":"29 Apr 21 10:36 KST"}
{"level":"error","msg":"invalid character 'T' looking for beginning of value","time":"29 Apr 21 10:36 KST"}
{"level":"error","msg":"invalid character 'T' looking for beginning of value","time":"29 Apr 21 10:36 KST"}
{"level":"error","msg":"invalid character 'T' looking for beginning of value","time":"29 Apr 21 10:36 KST"}
{"level":"error","msg":"invalid character 'T' looking for beginning of value","time":"29 Apr 21 10:36 KST"}
{"level":"error","msg":"invalid character 'T' looking for beginning of value","time":"29 Apr 21 10:36 KST"}
{"level":"error","msg":"invalid character 'T' looking for beginning of value","time":"29 Apr 21 10:36 KST"}
{"level":"error","msg":"invalid character 'T' looking for beginning of value","time":"29 Apr 21 10:36 KST"}
{"level":"error","msg":"invalid character 'T' looking for beginning of value","time":"29 Apr 21 10:36 KST"}
{"level":"error","msg":"invalid character 'T' looking for beginning of value","time":"29 Apr 21 10:36 KST"}
{"level":"error","msg":"invalid character 'T' looking for beginning of value","time":"29 Apr 21 10:36 KST"}
{"level":"error","msg":"invalid character 'T' looking for beginning of value","time":"29 Apr 21 10:36 KST"}
{"level":"error","msg":"invalid character 'T' looking for beginning of value","time":"29 Apr 21 10:36 KST"}
{"level":"error","msg":"invalid character 'T' looking for beginning of value","time":"29 Apr 21 10:36 KST"}
{"level":"error","msg":"invalid character 'T' looking for beginning of value","time":"29 Apr 21 10:36 KST"}
{"level":"error","msg":"invalid character 'T' looking for beginning of value","time":"29 Apr 21 10:36 KST"}
{"file":"C:/Users/user/Desktop/upbit/strategy.go:137","func":"github.com/pronist/upbit.(*Bot).S","level":"error","msg":"invalid character 'T' looking for beginning of value","time":"29 Apr 21 10:36 KST"}
{"level":"error","msg":"invalid character 'T' looking for beginning of value","time":"29 Apr 21 10:36 KST"}
{"level":"error","msg":"invalid character 'T' looking for beginning of value","time":"29 Apr 21 10:36 KST"}
{"level":"error","msg":"invalid character 'T' looking for beginning of value","time":"29 Apr 21 10:36 KST"}
{"file":"C:/Users/user/Desktop/upbit/strategy.go:78","func":"github.com/pronist/upbit.(*Bot).B","level":"error","msg":"invalid character 'T' looking for beginning of value","time":"29 Apr 21 10:36 KST"}
{"file":"C:/Users/user/Desktop/upbit/strategy.go:137","func":"github.com/pronist/upbit.(*Bot).S","level":"error","msg":"invalid character 'T' looking for beginning of value","time":"29 Apr 21 10:36 KST"}
{"file":"C:/Users/user/Desktop/upbit/strategy.go:78","func":"github.com/pronist/upbit.(*Bot).B","level":"error","msg":"invalid character 'T' looking for beginning of value","time":"29 Apr 21 10:36 KST"}
{"file":"C:/Users/user/Desktop/upbit/strategy.go:78","func":"github.com/pronist/upbit.(*Bot).B","level":"error","msg":"invalid character 'T' looking for beginning of value","time":"29 Apr 21 10:36 KST"}
{"file":"C:/Users/user/Desktop/upbit/strategy.go:78","func":"github.com/pronist/upbit.(*Bot).B","level":"error","msg":"invalid character 'T' looking for beginning of value","time":"29 Apr 21 10:36 KST"}
{"file":"C:/Users/user/Desktop/upbit/strategy.go:137","func":"github.com/pronist/upbit.(*Bot).S","level":"error","msg":"invalid character 'T' looking for beginning of value","time":"29 Apr 21 10:36 KST"}
{"file":"C:/Users/user/Desktop/upbit/strategy.go:78","func":"github.com/pronist/upbit.(*Bot).B","level":"error","msg":"invalid character 'T' looking for beginning of value","time":"29 Apr 21 10:36 KST"}
{"file":"C:/Users/user/Desktop/upbit/strategy.go:137","func":"github.com/pronist/upbit.(*Bot).S","level":"error","msg":"invalid character 'T' looking for beginning of value","time":"29 Apr 21 10:36 KST"}
{"level":"error","msg":"invalid character 'T' looking for beginning of value","time":"29 Apr 21 10:36 KST"}
{"file":"C:/Users/user/Desktop/upbit/strategy.go:137","func":"github.com/pronist/upbit.(*Bot).S","level":"error","msg":"invalid character 'T' looking for beginning of value","time":"29 Apr 21 10:36 KST"}
{"file":"C:/Users/user/Desktop/upbit/strategy.go:78","func":"github.com/pronist/upbit.(*Bot).B","level":"error","msg":"invalid character 'T' looking for beginning of value","time":"29 Apr 21 10:36 KST"}
{"file":"C:/Users/user/Desktop/upbit/strategy.go:137","func":"github.com/pronist/upbit.(*Bot).S","level":"error","msg":"invalid character 'T' looking for beginning of value","time":"29 Apr 21 10:36 KST"}
{"file":"C:/Users/user/Desktop/upbit/strategy.go:78","func":"github.com/pronist/upbit.(*Bot).B","level":"error","msg":"invalid character 'T' looking for beginning of value","time":"29 Apr 21 10:36 KST"}
{"file":"C:/Users/user/Desktop/upbit/strategy.go:78","func":"github.com/pronist/upbit.(*Bot).B","level":"error","msg":"invalid character 'T' looking for beginning of value","time":"29 Apr 21 10:36 KST"}
{"file":"C:/Users/user/Desktop/upbit/strategy.go:78","func":"github.com/pronist/upbit.(*Bot).B","level":"error","msg":"invalid character 'T' looking for beginning of value","time":"29 Apr 21 10:36 KST"}
{"file":"C:/Users/user/Desktop/upbit/strategy.go:137","func":"github.com/pronist/upbit.(*Bot).S","level":"error","msg":"invalid character 'T' looking for beginning of value","time":"29 Apr 21 10:36 KST"}
{"file":"C:/Users/user/Desktop/upbit/strategy.go:78","func":"github.com/pronist/upbit.(*Bot).B","level":"error","msg":"invalid character 'T' looking for beginning of value","time":"29 Apr 21 10:36 KST"}
{"level":"error","msg":"invalid character 'T' looking for beginning of value","time":"29 Apr 21 10:36 KST"}
{"file":"C:/Users/user/Desktop/upbit/strategy.go:166","func":"github.com/pronist/upbit.(*Bot).Watch","level":"error","msg":"invalid character 'T' looking for beginning of value","time":"29 Apr 21 10:36 KST"}
{"file":"C:/Users/user/Desktop/upbit/strategy.go:137","func":"github.com/pronist/upbit.(*Bot).S","level":"error","msg":"invalid character 'T' looking for beginning of value","time":"29 Apr 21 10:36 KST"}
{"level":"error","msg":"invalid character 'T' looking for beginning of value","time":"29 Apr 21 10:36 KST"}
{"level":"error","msg":"invalid character 'T' looking for beginning of value","time":"29 Apr 21 10:48 KST"}
{"level":"error","msg":"invalid character 'T' looking for beginning of value","time":"29 Apr 21 10:48 KST"}
{"level":"error","msg":"invalid character 'T' looking for beginning of value","time":"29 Apr 21 10:48 KST"}
{"level":"error","msg":"invalid character 'T' looking for beginning of value","time":"29 Apr 21 10:48 KST"}
{"level":"error","msg":"invalid character 'T' looking for beginning of value","time":"29 Apr 21 10:48 KST"}
{"level":"error","msg":"invalid character 'T' looking for beginning of value","time":"29 Apr 21 10:48 KST"}
{"level":"error","msg":"invalid character 'T' looking for beginning of value","time":"29 Apr 21 10:48 KST"}
{"level":"error","msg":"invalid character 'T' looking for beginning of value","time":"29 Apr 21 10:48 KST"}
{"level":"error","msg":"invalid character 'T' looking for beginning of value","time":"29 Apr 21 10:48 KST"}
{"level":"error","msg":"invalid character 'T' looking for beginning of value","time":"29 Apr 21 10:48 KST"}
{"level":"error","msg":"invalid character 'T' looking for beginning of value","time":"29 Apr 21 10:48 KST"}
{"file":"C:/Users/user/Desktop/upbit/strategy.go:82","func":"github.com/pronist/upbit.(*Bot).B","level":"error","msg":"invalid character 'T' looking for beginning of value","time":"29 Apr 21 10:48 KST"}
{"level":"error","msg":"invalid character 'T' looking for beginning of value","time":"29 Apr 21 10:48 KST"}
{"level":"error","msg":"invalid character 'T' looking for beginning of value","time":"29 Apr 21 10:48 KST"}
{"level":"error","msg":"invalid character 'T' looking for beginning of value","time":"29 Apr 21 10:48 KST"}
{"level":"error","msg":"invalid character 'T' looking for beginning of value","time":"29 Apr 21 10:48 KST"}
{"level":"error","msg":"invalid character 'T' looking for beginning of value","time":"29 Apr 21 10:48 KST"}
{"level":"error","msg":"invalid character 'T' looking for beginning of value","time":"29 Apr 21 10:48 KST"}
{"level":"error","msg":"invalid character 'T' looking for beginning of value","time":"29 Apr 21 10:48 KST"}
{"level":"error","msg":"invalid character 'T' looking for beginning of value","time":"29 Apr 21 10:48 KST"}
{"level":"error","msg":"invalid character 'T' looking for beginning of value","time":"29 Apr 21 10:48 KST"}
{"level":"error","msg":"invalid character 'T' looking for beginning of value","time":"29 Apr 21 10:48 KST"}
{"level":"error","msg":"invalid character 'T' looking for beginning of value","time":"29 Apr 21 10:48 KST"}
{"file":"C:/Users/user/Desktop/upbit/strategy.go:82","func":"github.com/pronist/upbit.(*Bot).B","level":"error","msg":"invalid character 'T' looking for beginning of value","time":"29 Apr 21 10:48 KST"}
{"level":"error","msg":"invalid character 'T' looking for beginning of value","time":"29 Apr 21 10:48 KST"}
{"level":"error","msg":"invalid character 'T' looking for beginning of value","time":"29 Apr 21 10:48 KST"}
{"level":"error","msg":"invalid character 'T' looking for beginning of value","time":"29 Apr 21 10:48 KST"}
{"level":"error","msg":"invalid character 'T' looking for beginning of value","time":"29 Apr 21 10:48 KST"}
{"level":"error","msg":"invalid character 'T' looking for beginning of value","time":"29 Apr 21 10:48 KST"}
{"level":"error","msg":"invalid character 'T' looking for beginning of value","time":"29 Apr 21 10:48 KST"}
{"level":"error","msg":"invalid character 'T' looking for beginning of value","time":"29 Apr 21 10:48 KST"}
{"level":"error","msg":"invalid character 'T' looking for beginning of value","time":"29 Apr 21 10:48 KST"}
{"level":"error","msg":"invalid character 'T' looking for beginning of value","time":"29 Apr 21 10:48 KST"}
{"level":"error","msg":"invalid character 'T' looking for beginning of value","time":"29 Apr 21 10:48 KST"}
{"level":"error","msg":"invalid character 'T' looking for beginning of value","time":"29 Apr 21 10:48 KST"}
{"file":"C:/Users/user/Desktop/upbit/strategy.go:170","func":"github.com/pronist/upbit.(*Bot).Watch","level":"error","msg":"invalid character 'T' looking for beginning of value","time":"29 Apr 21 10:55 KST"}
{"file":"C:/Users/user/Desktop/upbit/strategy.go:82","func":"github.com/pronist/upbit.(*Bot).B","level":"error","msg":"invalid character 'T' looking for beginning of value","time":"29 Apr 21 10:55 KST"}
{"file":"C:/Users/user/Desktop/upbit/strategy.go:82","func":"github.com/pronist/upbit.(*Bot).B","level":"error","msg":"invalid character 'T' looking for beginning of value","time":"29 Apr 21 10:55 KST"}
{"file":"C:/Users/user/Desktop/upbit/strategy.go:141","func":"github.com/pronist/upbit.(*Bot).S","level":"error","msg":"invalid character 'T' looking for beginning of value","time":"29 Apr 21 10:55 KST"}
{"file":"C:/Users/user/Desktop/upbit/strategy.go:141","func":"github.com/pronist/upbit.(*Bot).S","level":"error","msg":"invalid character 'T' looking for beginning of value","time":"29 Apr 21 10:55 KST"}
{"file":"C:/Users/user/Desktop/upbit/strategy.go:106","func":"github.com/pronist/upbit.(*Bot).B","level":"error","msg":"invalid character 'T' looking for beginning of value","time":"29 Apr 21 10:55 KST"}
{"file":"C:/Users/user/Desktop/upbit/strategy.go:141","func":"github.com/pronist/upbit.(*Bot).S","level":"error","msg":"invalid character 'T' looking for beginning of value","time":"29 Apr 21 10:55 KST"}
{"file":"C:/Users/user/Desktop/upbit/strategy.go:106","func":"github.com/pronist/upbit.(*Bot).B","level":"error","msg":"invalid character 'T' looking for beginning of value","time":"29 Apr 21 10:55 KST"}
{"file":"C:/Users/user/Desktop/upbit/strategy.go:82","func":"github.com/pronist/upbit.(*Bot).B","level":"error","msg":"invalid character 'T' looking for beginning of value","time":"29 Apr 21 10:55 KST"}
{"file":"C:/Users/user/Desktop/upbit/strategy.go:82","func":"github.com/pronist/upbit.(*Bot).B","level":"error","msg":"invalid character 'T' looking for beginning of value","time":"29 Apr 21 10:55 KST"}
{"file":"C:/Users/user/Desktop/upbit/strategy.go:13","func":"github.com/pronist/upbit.(*Bot).order","level":"error","msg":"map[string]interface {}{\"error\":map[string]interface {}{\"message\":\"Jwt의 query를 검증하는데 실패하였습니다.\", \"name\":\"invalid_query_payload\"}}","time":"29 Apr 21 10:55 KST"}
{"file":"C:/Users/user/Desktop/upbit/strategy.go:13","func":"github.com/pronist/upbit.(*Bot).order","level":"error","msg":"map[string]interface {}{\"error\":map[string]interface {}{\"message\":\"Jwt의 query를 검증하는데 실패하였습니다.\", \"name\":\"invalid_query_payload\"}}","time":"29 Apr 21 10:55 KST"}
{"file":"C:/Users/user/Desktop/upbit/strategy.go:170","func":"github.com/pronist/upbit.(*Bot).Watch","level":"error","msg":"invalid character 'T' looking for beginning of value","time":"29 Apr 21 10:55 KST"}
{"level":"error","msg":"invalid character 'T' looking for beginning of value","time":"29 Apr 21 10:55 KST"}
{"level":"error","msg":"invalid character 'T' looking for beginning of value","time":"29 Apr 21 10:55 KST"}
{"level":"error","msg":"invalid character 'T' looking for beginning of value","time":"29 Apr 21 10:55 KST"}
{"level":"error","msg":"invalid character 'T' looking for beginning of value","time":"29 Apr 21 10:55 KST"}
{"level":"error","msg":"invalid character 'T' looking for beginning of value","time":"29 Apr 21 10:55 KST"}
{"level":"error","msg":"invalid character 'T' looking for beginning of value","time":"29 Apr 21 10:55 KST"}
{"file":"C:/Users/user/Desktop/upbit/strategy.go:170","func":"github.com/pronist/upbit.(*Bot).Watch","level":"error","msg":"invalid character 'T' looking for beginning of value","time":"29 Apr 21 10:55 KST"}
{"file":"C:/Users/user/Desktop/upbit/strategy.go:170","func":"github.com/pronist/upbit.(*Bot).Watch","level":"error","msg":"invalid character 'T' looking for beginning of value","time":"29 Apr 21 10:55 KST"}
{"file":"C:/Users/user/Desktop/upbit/strategy.go:170","func":"github.com/pronist/upbit.(*Bot).Watch","level":"error","msg":"invalid character 'T' looking for beginning of value","time":"29 Apr 21 10:55 KST"}
{"file":"C:/Users/user/Desktop/upbit/strategy.go:170","func":"github.com/pronist/upbit.(*Bot).Watch","level":"error","msg":"invalid character 'T' looking for beginning of value","time":"29 Apr 21 10:55 KST"}
{"level":"error","msg":"invalid character 'T' looking for beginning of value","time":"29 Apr 21 10:55 KST"}
{"level":"error","msg":"invalid character 'T' looking for beginning of value","time":"29 Apr 21 10:55 KST"}
{"level":"error","msg":"invalid character 'T' looking for beginning of value","time":"29 Apr 21 10:55 KST"}
{"level":"error","msg":"invalid character 'T' looking for beginning of value","time":"29 Apr 21 10:55 KST"}
{"level":"error","msg":"invalid character 'T' looking for beginning of value","time":"29 Apr 21 10:55 KST"}
{"level":"error","msg":"invalid character 'T' looking for beginning of value","time":"29 Apr 21 10:55 KST"}
{"level":"error","msg":"invalid character 'T' looking for beginning of value","time":"29 Apr 21 10:55 KST"}
{"file":"C:/Users/user/Desktop/upbit/strategy.go:170","func":"github.com/pronist/upbit.(*Bot).Watch","level":"error","msg":"invalid character 'T' looking for beginning of value","time":"29 Apr 21 10:55 KST"}
{"file":"C:/Users/user/Desktop/upbit/strategy.go:170","func":"github.com/pronist/upbit.(*Bot).Watch","level":"error","msg":"invalid character 'T' looking for beginning of value","time":"29 Apr 21 10:55 KST"}
{"file":"C:/Users/user/Desktop/upbit/strategy.go:170","func":"github.com/pronist/upbit.(*Bot).Watch","level":"error","msg":"invalid character 'T' looking for beginning of value","time":"29 Apr 21 10:55 KST"}
{"file":"C:/Users/user/Desktop/upbit/strategy.go:170","func":"github.com/pronist/upbit.(*Bot).Watch","level":"error","msg":"invalid character 'T' looking for beginning of value","time":"29 Apr 21 10:55 KST"}
{"level":"error","msg":"invalid character 'T' looking for beginning of value","time":"29 Apr 21 10:56 KST"}
{"level":"error","msg":"invalid character 'T' looking for beginning of value","time":"29 Apr 21 10:56 KST"}
{"level":"error","msg":"invalid character 'T' looking for beginning of value","time":"29 Apr 21 10:56 KST"}
{"level":"error","msg":"invalid character 'T' looking for beginning of value","time":"29 Apr 21 10:56 KST"}
{"level":"error","msg":"invalid character 'T' looking for beginning of value","time":"29 Apr 21 10:56 KST"}
{"level":"error","msg":"invalid character 'T' looking for beginning of value","time":"29 Apr 21 10:56 KST"}
{"level":"error","msg":"invalid character 'T' looking for beginning of value","time":"29 Apr 21 10:56 KST"}
{"file":"C:/Users/user/Desktop/upbit/strategy.go:170","func":"github.com/pronist/upbit.(*Bot).Watch","level":"error","msg":"Get \"https://api.upbit.com/v1/candles/days?count=1\u0026market=KRW-XRP\": read tcp 192.168.123.38:50228-\u003e52.78.106.170:443: wsarecv: An existing connection was forcibly closed by the remote host.","time":"29 Apr 21 12:33 KST"}
{"file":"C:/Users/user/Desktop/upbit/strategy.go:170","func":"github.com/pronist/upbit.(*Bot).Watch","level":"error","msg":"Get \"https://api.upbit.com/v1/candles/days?count=1\u0026market=KRW-DOGE\": read tcp 192.168.123.38:50228-\u003e52.78.106.170:443: wsarecv: An existing connection was forcibly closed by the remote host.","time":"29 Apr 21 12:33 KST"}
{"file":"C:/Users/user/Desktop/upbit/strategy.go:141","func":"github.com/pronist/upbit.(*Bot).S","level":"error","msg":"Get \"https://api.upbit.com/v1/ticker?markets=KRW-AHT\": read tcp 192.168.123.38:50228-\u003e52.78.106.170:443: wsarecv: An existing connection was forcibly closed by the remote host.","time":"29 Apr 21 12:33 KST"}
{"file":"C:/Users/user/Desktop/upbit/strategy.go:141","func":"github.com/pronist/upbit.(*Bot).S","level":"error","msg":"Get \"https://api.upbit.com/v1/ticker?markets=KRW-TRX\": read tcp 192.168.123.38:50228-\u003e52.78.106.170:443: wsarecv: An existing connection was forcibly closed by the remote host.","time":"29 Apr 21 12:33 KST"}
{"file":"C:/Users/user/Desktop/upbit/strategy.go:170","func":"github.com/pronist/upbit.(*Bot).Watch","level":"error","msg":"Get \"https://api.upbit.com/v1/candles/days?count=1\u0026market=KRW-EOS\": read tcp 192.168.123.38:50228-\u003e52.78.106.170:443: wsarecv: An existing connection was forcibly closed by the remote host.","time":"29 Apr 21 12:33 KST"}
{"file":"C:/Users/user/Desktop/upbit/strategy.go:170","func":"github.com/pronist/upbit.(*Bot).Watch","level":"error","msg":"Get \"https://api.upbit.com/v1/candles/days?count=1\u0026market=KRW-BTT\": read tcp 192.168.123.38:50228-\u003e52.78.106.170:443: wsarecv: An existing connection was forcibly closed by the remote host.","time":"29 Apr 21 12:33 KST"}
{"file":"C:/Users/user/Desktop/upbit/strategy.go:82","func":"github.com/pronist/upbit.(*Bot).B","level":"error","msg":"Get \"https://api.upbit.com/v1/ticker?markets=KRW-AHT\": read tcp 192.168.123.38:50228-\u003e52.78.106.170:443: wsarecv: An existing connection was forcibly closed by the remote host.","time":"29 Apr 21 12:33 KST"}
{"file":"C:/Users/user/Desktop/upbit/strategy.go:170","func":"github.com/pronist/upbit.(*Bot).Watch","level":"error","msg":"Get \"https://api.upbit.com/v1/candles/days?count=1\u0026market=KRW-TRX\": read tcp 192.168.123.38:50228-\u003e52.78.106.170:443: wsarecv: An existing connection was forcibly closed by the remote host.","time":"29 Apr 21 12:33 KST"}
{"file":"C:/Users/user/Desktop/upbit/strategy.go:82","func":"github.com/pronist/upbit.(*Bot).B","level":"error","msg":"Get \"https://api.upbit.com/v1/ticker?markets=KRW-BTT\": read tcp 192.168.123.38:50228-\u003e52.78.106.170:443: wsarecv: An existing connection was forcibly closed by the remote host.","time":"29 Apr 21 12:33 KST"}
{"file":"C:/Users/user/Desktop/upbit/strategy.go:170","func":"github.com/pronist/upbit.(*Bot).Watch","level":"error","msg":"Get \"https://api.upbit.com/v1/candles/days?count=1\u0026market=KRW-AHT\": read tcp 192.168.123.38:50228-\u003e52.78.106.170:443: wsarecv: An existing connection was forcibly closed by the remote host.","time":"29 Apr 21 12:33 KST"}
{"file":"C:/Users/user/Desktop/upbit/strategy.go:82","func":"github.com/pronist/upbit.(*Bot).B","level":"error","msg":"Get \"https://api.upbit.com/v1/ticker?markets=KRW-XRP\": read tcp 192.168.123.38:50228-\u003e52.78.106.170:443: wsarecv: An existing connection was forcibly closed by the remote host.","time":"29 Apr 21 12:33 KST"}
{"file":"C:/Users/user/Desktop/upbit/strategy.go:82","func":"github.com/pronist/upbit.(*Bot).B","level":"error","msg":"Get \"https://api.upbit.com/v1/ticker?markets=KRW-TRX\": read tcp 192.168.123.38:50228-\u003e52.78.106.170:443: wsarecv: An existing connection was forcibly closed by the remote host.","time":"29 Apr 21 12:33 KST"}
{"file":"C:/Users/user/Desktop/upbit/strategy.go:141","func":"github.com/pronist/upbit.(*Bot).S","level":"error","msg":"Get \"https://api.upbit.com/v1/ticker?markets=KRW-BTT\": read tcp 192.168.123.38:50228-\u003e52.78.106.170:443: wsarecv: An existing connection was forcibly closed by the remote host.","time":"29 Apr 21 12:33 KST"}
{"file":"C:/Users/user/Desktop/upbit/strategy.go:82","func":"github.com/pronist/upbit.(*Bot).B","level":"error","msg":"Get \"https://api.upbit.com/v1/ticker?markets=KRW-EOS\": read tcp 192.168.123.38:50228-\u003e52.78.106.170:443: wsarecv: An existing connection was forcibly closed by the remote host.","time":"29 Apr 21 12:33 KST"}
{"file":"C:/Users/user/Desktop/upbit/strategy.go:82","func":"github.com/pronist/upbit.(*Bot).B","level":"error","msg":"Get \"https://api.upbit.com/v1/ticker?markets=KRW-DOGE\": read tcp 192.168.123.38:50228-\u003e52.78.106.170:443: wsarecv: An existing connection was forcibly closed by the remote host.","time":"29 Apr 21 12:33 KST"}
{"file":"C:/Users/user/Desktop/upbit/strategy.go:13","func":"github.com/pronist/upbit.(*Bot).order","level":"error","msg":"map[string]interface {}{\"error\":map[string]interface {}{\"message\":\"Jwt의 query를 검증하는데 실패하였습니다.\", \"name\":\"invalid_query_payload\"}}","time":"29 Apr 21 12:33 KST"}
{"file":"C:/Users/user/Desktop/upbit/strategy.go:13","func":"github.com/pronist/upbit.(*Bot).order","level":"error","msg":"map[string]interface {}{\"error\":map[string]interface {}{\"message\":\"Jwt의 query를 검증하는데 실패하였습니다.\", \"name\":\"invalid_query_payload\"}}","time":"29 Apr 21 12:33 KST"}
{"file":"C:/Users/user/Desktop/upbit/bot/strategy.go:82","func":"github.com/pronist/upbit/bot.(*Bot).B","level":"error","msg":"invalid character 'T' looking for beginning of value","time":"29 Apr 21 13:38 KST"}
{"file":"C:/Users/user/Desktop/upbit/bot/strategy.go:82","func":"github.com/pronist/upbit/bot.(*Bot).B","level":"error","msg":"invalid character 'T' looking for beginning of value","time":"29 Apr 21 13:38 KST"}
{"file":"C:/Users/user/Desktop/upbit/bot/strategy.go:82","func":"github.com/pronist/upbit/bot.(*Bot).B","level":"error","msg":"invalid character 'T' looking for beginning of value","time":"29 Apr 21 13:38 KST"}
{"file":"C:/Users/user/Desktop/upbit/bot/strategy.go:82","func":"github.com/pronist/upbit/bot.(*Bot).B","level":"error","msg":"invalid character 'T' looking for beginning of value","time":"29 Apr 21 13:38 KST"}
{"file":"C:/Users/user/Desktop/upbit/bot/strategy.go:82","func":"github.com/pronist/upbit/bot.(*Bot).B","level":"error","msg":"invalid character 'T' looking for beginning of value","time":"29 Apr 21 13:38 KST"}
{"file":"C:/Users/user/Desktop/upbit/bot/strategy.go:82","func":"github.com/pronist/upbit/bot.(*Bot).B","level":"error","msg":"invalid character 'T' looking for beginning of value","time":"29 Apr 21 13:38 KST"}
{"file":"C:/Users/user/Desktop/upbit/bot/strategy.go:141","func":"github.com/pronist/upbit/bot.(*Bot).S","level":"error","msg":"invalid character 'T' looking for beginning of value","time":"29 Apr 21 13:38 KST"}
{"file":"C:/Users/user/Desktop/upbit/bot/strategy.go:82","func":"github.com/pronist/upbit/bot.(*Bot).B","level":"error","msg":"invalid character 'T' looking for beginning of value","time":"29 Apr 21 13:38 KST"}
{"file":"C:/Users/user/Desktop/upbit/bot/strategy.go:82","func":"github.com/pronist/upbit/bot.(*Bot).B","level":"error","msg":"invalid character 'T' looking for beginning of value","time":"29 Apr 21 13:38 KST"}
{"file":"C:/Users/user/Desktop/upbit/bot/strategy.go:82","func":"github.com/pronist/upbit/bot.(*Bot).B","level":"error","msg":"invalid character 'T' looking for beginning of value","time":"29 Apr 21 13:38 KST"}
{"file":"C:/Users/user/Desktop/upbit/bot/strategy.go:82","func":"github.com/pronist/upbit/bot.(*Bot).B","level":"error","msg":"invalid character 'T' looking for beginning of value","time":"29 Apr 21 13:38 KST"}
{"file":"C:/Users/user/Desktop/upbit/bot/strategy.go:82","func":"github.com/pronist/upbit/bot.(*Bot).B","level":"error","msg":"invalid character 'T' looking for beginning of value","time":"29 Apr 21 13:38 KST"}
{"file":"C:/Users/user/Desktop/upbit/bot/strategy.go:141","func":"github.com/pronist/upbit/bot.(*Bot).S","level":"error","msg":"invalid character 'T' looking for beginning of value","time":"29 Apr 21 13:38 KST"}
{"file":"C:/Users/user/Desktop/upbit/bot/strategy.go:82","func":"github.com/pronist/upbit/bot.(*Bot).B","level":"error","msg":"invalid character 'T' looking for beginning of value","time":"29 Apr 21 13:38 KST"}
{"file":"C:/Users/user/Desktop/upbit/bot/strategy.go:82","func":"github.com/pronist/upbit/bot.(*Bot).B","level":"error","msg":"invalid character 'T' looking for beginning of value","time":"29 Apr 21 13:38 KST"}
{"file":"C:/Users/user/Desktop/upbit/bot/strategy.go:82","func":"github.com/pronist/upbit/bot.(*Bot).B","level":"error","msg":"invalid character 'T' looking for beginning of value","time":"29 Apr 21 13:38 KST"}
{"file":"C:/Users/user/Desktop/upbit/bot/strategy.go:82","func":"github.com/pronist/upbit/bot.(*Bot).B","level":"error","msg":"invalid character 'T' looking for beginning of value","time":"29 Apr 21 13:38 KST"}
{"file":"C:/Users/user/Desktop/upbit/bot/strategy.go:82","func":"github.com/pronist/upbit/bot.(*Bot).B","level":"error","msg":"invalid character 'T' looking for beginning of value","time":"29 Apr 21 13:38 KST"}
{"file":"C:/Users/user/Desktop/upbit/bot/strategy.go:141","func":"github.com/pronist/upbit/bot.(*Bot).S","level":"error","msg":"invalid character 'T' looking for beginning of value","time":"29 Apr 21 13:38 KST"}
{"file":"C:/Users/user/Desktop/upbit/bot/strategy.go:82","func":"github.com/pronist/upbit/bot.(*Bot).B","level":"error","msg":"invalid character 'T' looking for beginning of value","time":"29 Apr 21 13:38 KST"}
{"file":"C:/Users/user/Desktop/upbit/bot/strategy.go:82","func":"github.com/pronist/upbit/bot.(*Bot).B","level":"error","msg":"invalid character 'T' looking for beginning of value","time":"29 Apr 21 13:38 KST"}
{"file":"C:/Users/user/Desktop/upbit/bot/strategy.go:82","func":"github.com/pronist/upbit/bot.(*Bot).B","level":"error","msg":"invalid character 'T' looking for beginning of value","time":"29 Apr 21 13:38 KST"}
{"file":"C:/Users/user/Desktop/upbit/bot/strategy.go:82","func":"github.com/pronist/upbit/bot.(*Bot).B","level":"error","msg":"invalid character 'T' looking for beginning of value","time":"29 Apr 21 13:38 KST"}
{"file":"C:/Users/user/Desktop/upbit/bot/strategy.go:82","func":"github.com/pronist/upbit/bot.(*Bot).B","level":"error","msg":"invalid character 'T' looking for beginning of value","time":"29 Apr 21 13:38 KST"}
{"file":"C:/Users/user/Desktop/upbit/bot/strategy.go:141","func":"github.com/pronist/upbit/bot.(*Bot).S","level":"error","msg":"invalid character 'T' looking for beginning of value","time":"29 Apr 21 13:38 KST"}
{"file":"C:/Users/user/Desktop/upbit/bot/strategy.go:82","func":"github.com/pronist/upbit/bot.(*Bot).B","level":"error","msg":"invalid character 'T' looking for beginning of value","time":"29 Apr 21 13:38 KST"}
{"file":"C:/Users/user/Desktop/upbit/bot/strategy.go:82","func":"github.com/pronist/upbit/bot.(*Bot).B","level":"error","msg":"invalid character 'T' looking for beginning of value","time":"29 Apr 21 13:38 KST"}
{"file":"C:/Users/user/Desktop/upbit/bot/strategy.go:82","func":"github.com/pronist/upbit/bot.(*Bot).B","level":"error","msg":"invalid character 'T' looking for beginning of value","time":"29 Apr 21 13:38 KST"}
{"file":"C:/Users/user/Desktop/upbit/bot/strategy.go:82","func":"github.com/pronist/upbit/bot.(*Bot).B","level":"error","msg":"invalid character 'T' looking for beginning of value","time":"29 Apr 21 13:38 KST"}
{"file":"C:/Users/user/Desktop/upbit/bot/strategy.go:82","func":"github.com/pronist/upbit/bot.(*Bot).B","level":"error","msg":"invalid character 'T' looking for beginning of value","time":"29 Apr 21 13:38 KST"}
{"file":"C:/Users/user/Desktop/upbit/bot/strategy.go:141","func":"github.com/pronist/upbit/bot.(*Bot).S","level":"error","msg":"invalid character 'T' looking for beginning of value","time":"29 Apr 21 13:38 KST"}
