{"change-rate":0.1118231336,"level":"warning","market":"KRW-QTUM","msg":"Stopped","price":34700,"time":"09 May 21 15:06 KST"}
{"change-rate":0.0980392157,"level":"warning","market":"KRW-GRS","msg":"Stopped","price":2240,"time":"09 May 21 15:06 KST"}
{"change-rate":0.0632911392,"level":"warning","market":"KRW-ADA","msg":"Stopped","price":2100,"time":"09 May 21 15:06 KST"}
{"change-rate":0.0752508361,"level":"warning","market":"KRW-ONT","msg":"Stopped","price":3215,"time":"09 May 21 15:06 KST"}
{"change-rate":0.0621468927,"level":"warning","market":"KRW-MOC","msg":"Stopped","price":188,"time":"09 May 21 15:06 KST"}
{"change-rate":0.0313807531,"level":"warning","market":"KRW-MARO","msg":"Stopped","price":493,"time":"09 May 21 15:06 KST"}
{"level":"warning","market":"KRW-MLK","msg":"Tracking starts with","time":"09 May 21 15:19 KST"}
{"coin":"MLK","level":"warning","msg":"Strategy started...","strategy":"Penetration","time":"09 May 21 15:19 KST"}
{"level":"warning","market":"KRW-MLK","msg":"ORDER","price":2150,"side":"bid","time":"09 May 21 15:19 KST","volume":2.5822985070060462}
{"level":"warning","market":"KRW-NEO","msg":"Tracking starts with","time":"09 May 21 15:24 KST"}
{"coin":"NEO","level":"warning","msg":"Strategy started...","strategy":"Penetration","time":"09 May 21 15:24 KST"}
{"level":"warning","market":"KRW-NEO","msg":"ORDER","price":146000,"side":"bid","time":"09 May 21 15:24 KST","volume":0.03802699856207534}
{"level":"warning","market":"KRW-SXP","msg":"Tracking starts with","time":"09 May 21 15:46 KST"}
{"coin":"SXP","level":"warning","msg":"Strategy started...","strategy":"Penetration","time":"09 May 21 15:46 KST"}
{"level":"warning","market":"KRW-SXP","msg":"ORDER","price":6090,"side":"bid","time":"09 May 21 15:46 KST","volume":0.911648898204105}
{"level":"warning","market":"KRW-LTC","msg":"Tracking starts with","time":"09 May 21 15:51 KST"}
{"coin":"LTC","level":"warning","msg":"Strategy started...","strategy":"Penetration","time":"09 May 21 15:51 KST"}
{"level":"warning","market":"KRW-LTC","msg":"ORDER","price":434350,"side":"bid","time":"09 May 21 15:51 KST","volume":0.012782184390613559}
{"level":"warning","market":"KRW-LTC","msg":"ORDER","price":447400,"side":"ask","time":"09 May 21 16:04 KST","volume":0.012782}
{"level":"warning","market":"KRW-LINK","msg":"Tracking starts with","time":"09 May 21 16:09 KST"}
{"coin":"LINK","level":"warning","msg":"Strategy started...","strategy":"Penetration","time":"09 May 21 16:09 KST"}
{"level":"warning","market":"KRW-LINK","msg":"ORDER","price":60800,"side":"bid","time":"09 May 21 16:11 KST","volume":0.0913148320734046}
{"level":"warning","market":"KRW-MLK","msg":"ORDER","price":2215,"side":"ask","time":"09 May 21 18:01 KST","volume":2.582299}
